<?xml version="1.0" encoding="UTF-8"?>
<!-- Generated by org.testng.reporters.JUnitReportReporter -->
<testsuite hostname="DESKTOP-TA9QDVM" failures="0" tests="1" name="test.Day2" time="0.028" errors="0" timestamp="2023-08-30T10:03:00 IST" skipped="0">
  <testcase classname="test.Day2" name="TC_04" time="0.028"/>
</testsuite> <!-- test.Day2 -->
