<?xml version="1.0" encoding="UTF-8"?>
<!-- Generated by org.testng.reporters.JUnitReportReporter -->
<testsuite hostname="DESKTOP-TA9QDVM" failures="0" tests="2" name="test.Day1" time="0.026" errors="0" timestamp="2023-08-30T10:05:37 IST" skipped="0">
  <testcase classname="test.Day1" name="TC_03" time="0.019"/>
  <testcase classname="test.Day1" name="secondTest" time="0.007"/>
</testsuite> <!-- test.Day1 -->
