<?xml version="1.0" encoding="UTF-8"?>
<!-- Generated by org.testng.reporters.JUnitReportReporter -->
<testsuite hostname="DESKTOP-TA9QDVM" failures="0" tests="8" name="test.Day5" time="0.042" errors="0" timestamp="2023-08-04T15:37:05 IST" skipped="1">
  <testcase classname="test.Day5" name="TC_01" time="0.003"/>
  <testcase classname="test.Day5" name="TC_05" time="0.003"/>
  <testcase classname="test.Day5" name="TC_06" time="0.013"/>
  <testcase classname="test.Day5" name="TC_01" time="0.004"/>
  <testcase classname="test.Day5" name="TC_02" time="0.004"/>
  <testcase classname="test.Day5" name="TC_03" time="0.003"/>
  <testcase classname="test.Day5" name="TC_01" time="0.012"/>
  <testcase classname="test.Day5" name="TC_04">
    <skipped/>
  </testcase> <!-- TC_04 -->
</testsuite> <!-- test.Day5 -->
